[2025-11-11 12:48:33] flarum.ERROR: ParseError: syntax error, unexpected token "\", expecting "{" in /home/geff/Work/work_repos/the-exchange-flarum/extensions/ai-forum-hello/extend.php:12
Stack trace:
#0 /home/geff/Work/work_repos/the-exchange-flarum/app/vendor/flarum/core/src/Extension/Extension.php(401): Flarum\Extension\Extension->getExtenders()
#1 /home/geff/Work/work_repos/the-exchange-flarum/app/vendor/flarum/core/src/Extension/Extension.php(303): Flarum\Extension\Extension->getLifecycleExtenders()
#2 /home/geff/Work/work_repos/the-exchange-flarum/app/vendor/flarum/core/src/Extension/ExtensionManager.php(216): Flarum\Extension\Extension->enable()
#3 /home/geff/Work/work_repos/the-exchange-flarum/app/vendor/flarum/core/src/Extension/Command/ToggleExtensionHandler.php(36): Flarum\Extension\ExtensionManager->enable()
#4 /home/geff/Work/work_repos/the-exchange-flarum/app/vendor/illuminate/bus/Dispatcher.php(122): Flarum\Extension\Command\ToggleExtensionHandler->handle()
#5 /home/geff/Work/work_repos/the-exchange-flarum/app/vendor/illuminate/pipeline/Pipeline.php(128): Illuminate\Bus\Dispatcher->{closure:Illuminate\Bus\Dispatcher::dispatchNow():119}()
#6 /home/geff/Work/work_repos/the-exchange-flarum/app/vendor/illuminate/pipeline/Pipeline.php(103): Illuminate\Pipeline\Pipeline->{closure:Illuminate\Pipeline\Pipeline::prepareDestination():126}()
#7 /home/geff/Work/work_repos/the-exchange-flarum/app/vendor/illuminate/bus/Dispatcher.php(132): Illuminate\Pipeline\Pipeline->then()
#8 /home/geff/Work/work_repos/the-exchange-flarum/app/vendor/illuminate/bus/Dispatcher.php(78): Illuminate\Bus\Dispatcher->dispatchNow()
#9 /home/geff/Work/work_repos/the-exchange-flarum/app/vendor/flarum/core/src/Api/Controller/UpdateExtensionController.php(42): Illuminate\Bus\Dispatcher->dispatch()
#10 /home/geff/Work/work_repos/the-exchange-flarum/app/vendor/flarum/core/src/Http/RouteHandlerFactory.php(41): Flarum\Api\Controller\UpdateExtensionController->handle()
#11 /home/geff/Work/work_repos/the-exchange-flarum/app/vendor/flarum/core/src/Http/Middleware/ExecuteRoute.php(27): Flarum\Http\RouteHandlerFactory->{closure:Flarum\Http\RouteHandlerFactory::toController():36}()
#12 /home/geff/Work/work_repos/the-exchange-flarum/app/vendor/laminas/laminas-stratigility/src/Next.php(49): Flarum\Http\Middleware\ExecuteRoute->process()
#13 /home/geff/Work/work_repos/the-exchange-flarum/app/vendor/flarum/core/src/Api/Middleware/ThrottleApi.php(33): Laminas\Stratigility\Next->handle()
#14 /home/geff/Work/work_repos/the-exchange-flarum/app/vendor/laminas/laminas-stratigility/src/Next.php(49): Flarum\Api\Middleware\ThrottleApi->process()
#15 /home/geff/Work/work_repos/the-exchange-flarum/app/vendor/flarum/core/src/Http/Middleware/CheckCsrfToken.php(44): Laminas\Stratigility\Next->handle()
#16 /home/geff/Work/work_repos/the-exchange-flarum/app/vendor/laminas/laminas-stratigility/src/Next.php(49): Flarum\Http\Middleware\CheckCsrfToken->process()
#17 /home/geff/Work/work_repos/the-exchange-flarum/app/vendor/flarum/core/src/Http/Middleware/ResolveRoute.php(69): Laminas\Stratigility\Next->handle()
#18 /home/geff/Work/work_repos/the-exchange-flarum/app/vendor/laminas/laminas-stratigility/src/Next.php(49): Flarum\Http\Middleware\ResolveRoute->process()
#19 /home/geff/Work/work_repos/the-exchange-flarum/app/vendor/flarum/core/src/Http/Middleware/SetLocale.php(51): Laminas\Stratigility\Next->handle()
#20 /home/geff/Work/work_repos/the-exchange-flarum/app/vendor/laminas/laminas-stratigility/src/Next.php(49): Flarum\Http\Middleware\SetLocale->process()
#21 /home/geff/Work/work_repos/the-exchange-flarum/app/vendor/flarum/core/src/Http/Middleware/AuthenticateWithHeader.php(58): Laminas\Stratigility\Next->handle()
#22 /home/geff/Work/work_repos/the-exchange-flarum/app/vendor/laminas/laminas-stratigility/src/Next.php(49): Flarum\Http\Middleware\AuthenticateWithHeader->process()
#23 /home/geff/Work/work_repos/the-exchange-flarum/app/vendor/flarum/core/src/Http/Middleware/AuthenticateWithSession.php(31): Laminas\Stratigility\Next->handle()
#24 /home/geff/Work/work_repos/the-exchange-flarum/app/vendor/laminas/laminas-stratigility/src/Next.php(49): Flarum\Http\Middleware\AuthenticateWithSession->process()
#25 /home/geff/Work/work_repos/the-exchange-flarum/app/vendor/flarum/core/src/Http/Middleware/RememberFromCookie.php(63): Laminas\Stratigility\Next->handle()
#26 /home/geff/Work/work_repos/the-exchange-flarum/app/vendor/laminas/laminas-stratigility/src/Next.php(49): Flarum\Http\Middleware\RememberFromCookie->process()
#27 /home/geff/Work/work_repos/the-exchange-flarum/app/vendor/flarum/core/src/Http/Middleware/StartSession.php(61): Laminas\Stratigility\Next->handle()
#28 /home/geff/Work/work_repos/the-exchange-flarum/app/vendor/laminas/laminas-stratigility/src/Next.php(49): Flarum\Http\Middleware\StartSession->process()
#29 /home/geff/Work/work_repos/the-exchange-flarum/app/vendor/flarum/core/src/Api/Middleware/FakeHttpMethods.php(29): Laminas\Stratigility\Next->handle()
#30 /home/geff/Work/work_repos/the-exchange-flarum/app/vendor/laminas/laminas-stratigility/src/Next.php(49): Flarum\Api\Middleware\FakeHttpMethods->process()
#31 /home/geff/Work/work_repos/the-exchange-flarum/app/vendor/flarum/core/src/Http/Middleware/ParseJsonBody.php(28): Laminas\Stratigility\Next->handle()
#32 /home/geff/Work/work_repos/the-exchange-flarum/app/vendor/laminas/laminas-stratigility/src/Next.php(49): Flarum\Http\Middleware\ParseJsonBody->process()
#33 /home/geff/Work/work_repos/the-exchange-flarum/app/vendor/flarum/core/src/Http/Middleware/HandleErrors.php(57): Laminas\Stratigility\Next->handle()
#34 /home/geff/Work/work_repos/the-exchange-flarum/app/vendor/laminas/laminas-stratigility/src/Next.php(49): Flarum\Http\Middleware\HandleErrors->process()
#35 /home/geff/Work/work_repos/the-exchange-flarum/app/vendor/flarum/core/src/Http/Middleware/InjectActorReference.php(25): Laminas\Stratigility\Next->handle()
#36 /home/geff/Work/work_repos/the-exchange-flarum/app/vendor/laminas/laminas-stratigility/src/Next.php(49): Flarum\Http\Middleware\InjectActorReference->process()
#37 /home/geff/Work/work_repos/the-exchange-flarum/app/vendor/laminas/laminas-stratigility/src/MiddlewarePipe.php(81): Laminas\Stratigility\Next->handle()
#38 /home/geff/Work/work_repos/the-exchange-flarum/app/vendor/middlewares/request-handler/src/RequestHandler.php(84): Laminas\Stratigility\MiddlewarePipe->process()
#39 /home/geff/Work/work_repos/the-exchange-flarum/app/vendor/laminas/laminas-stratigility/src/Next.php(49): Middlewares\RequestHandler->process()
#40 /home/geff/Work/work_repos/the-exchange-flarum/app/vendor/middlewares/base-path-router/src/BasePathRouter.php(97): Laminas\Stratigility\Next->handle()
#41 /home/geff/Work/work_repos/the-exchange-flarum/app/vendor/laminas/laminas-stratigility/src/Next.php(49): Middlewares\BasePathRouter->process()
#42 /home/geff/Work/work_repos/the-exchange-flarum/app/vendor/laminas/laminas-stratigility/src/Middleware/OriginalMessages.php(36): Laminas\Stratigility\Next->handle()
#43 /home/geff/Work/work_repos/the-exchange-flarum/app/vendor/laminas/laminas-stratigility/src/Next.php(49): Laminas\Stratigility\Middleware\OriginalMessages->process()
#44 /home/geff/Work/work_repos/the-exchange-flarum/app/vendor/middlewares/base-path/src/BasePath.php(73): Laminas\Stratigility\Next->handle()
#45 /home/geff/Work/work_repos/the-exchange-flarum/app/vendor/laminas/laminas-stratigility/src/Next.php(49): Middlewares\BasePath->process()
#46 /home/geff/Work/work_repos/the-exchange-flarum/app/vendor/flarum/core/src/Http/Middleware/ProcessIp.php(24): Laminas\Stratigility\Next->handle()
#47 /home/geff/Work/work_repos/the-exchange-flarum/app/vendor/laminas/laminas-stratigility/src/Next.php(49): Flarum\Http\Middleware\ProcessIp->process()
#48 /home/geff/Work/work_repos/the-exchange-flarum/app/vendor/laminas/laminas-stratigility/src/MiddlewarePipe.php(81): Laminas\Stratigility\Next->handle()
#49 /home/geff/Work/work_repos/the-exchange-flarum/app/vendor/laminas/laminas-stratigility/src/MiddlewarePipe.php(70): Laminas\Stratigility\MiddlewarePipe->process()
#50 /home/geff/Work/work_repos/the-exchange-flarum/app/vendor/laminas/laminas-httphandlerrunner/src/RequestHandlerRunner.php(73): Laminas\Stratigility\MiddlewarePipe->handle()
#51 /home/geff/Work/work_repos/the-exchange-flarum/app/vendor/flarum/core/src/Http/Server.php(45): Laminas\HttpHandlerRunner\RequestHandlerRunner->run()
#52 /home/geff/Work/work_repos/the-exchange-flarum/app/public/index.php(26): Flarum\Http\Server->listen()
#53 {main}  
[2025-11-11 12:48:36] flarum.ERROR: ParseError: syntax error, unexpected token "\", expecting "{" in /home/geff/Work/work_repos/the-exchange-flarum/extensions/ai-forum-hello/extend.php:12
Stack trace:
#0 /home/geff/Work/work_repos/the-exchange-flarum/app/vendor/flarum/core/src/Extension/Extension.php(139): Flarum\Extension\Extension->getExtenders()
#1 /home/geff/Work/work_repos/the-exchange-flarum/app/vendor/flarum/core/src/Extension/ExtensionManager.php(390): Flarum\Extension\Extension->extend()
#2 /home/geff/Work/work_repos/the-exchange-flarum/app/vendor/flarum/core/src/Extension/ExtensionServiceProvider.php(31): Flarum\Extension\ExtensionManager->extend()
#3 [internal function]: Flarum\Extension\ExtensionServiceProvider->{closure:Flarum\Extension\ExtensionServiceProvider::register():30}()
#4 /home/geff/Work/work_repos/the-exchange-flarum/app/vendor/flarum/core/src/Foundation/Application.php(329): call_user_func()
#5 /home/geff/Work/work_repos/the-exchange-flarum/app/vendor/flarum/core/src/Foundation/Application.php(270): Flarum\Foundation\Application->fireAppCallbacks()
#6 /home/geff/Work/work_repos/the-exchange-flarum/app/vendor/flarum/core/src/Foundation/InstalledSite.php(151): Flarum\Foundation\Application->boot()
#7 /home/geff/Work/work_repos/the-exchange-flarum/app/vendor/flarum/core/src/Foundation/InstalledSite.php(82): Flarum\Foundation\InstalledSite->bootLaravel()
#8 /home/geff/Work/work_repos/the-exchange-flarum/app/vendor/flarum/core/src/Http/Server.php(59): Flarum\Foundation\InstalledSite->bootApp()
#9 /home/geff/Work/work_repos/the-exchange-flarum/app/vendor/flarum/core/src/Http/Server.php(36): Flarum\Http\Server->safelyBootAndGetHandler()
#10 /home/geff/Work/work_repos/the-exchange-flarum/app/public/index.php(26): Flarum\Http\Server->listen()
#11 {main}  
[2025-11-11 12:49:27] flarum.ERROR: ParseError: syntax error, unexpected token "\", expecting "{" in /home/geff/Work/work_repos/the-exchange-flarum/extensions/ai-forum-hello/extend.php:12
Stack trace:
#0 /home/geff/Work/work_repos/the-exchange-flarum/app/vendor/flarum/core/src/Extension/Extension.php(139): Flarum\Extension\Extension->getExtenders()
#1 /home/geff/Work/work_repos/the-exchange-flarum/app/vendor/flarum/core/src/Extension/ExtensionManager.php(390): Flarum\Extension\Extension->extend()
#2 /home/geff/Work/work_repos/the-exchange-flarum/app/vendor/flarum/core/src/Extension/ExtensionServiceProvider.php(31): Flarum\Extension\ExtensionManager->extend()
#3 [internal function]: Flarum\Extension\ExtensionServiceProvider->{closure:Flarum\Extension\ExtensionServiceProvider::register():30}()
#4 /home/geff/Work/work_repos/the-exchange-flarum/app/vendor/flarum/core/src/Foundation/Application.php(329): call_user_func()
#5 /home/geff/Work/work_repos/the-exchange-flarum/app/vendor/flarum/core/src/Foundation/Application.php(270): Flarum\Foundation\Application->fireAppCallbacks()
#6 /home/geff/Work/work_repos/the-exchange-flarum/app/vendor/flarum/core/src/Foundation/InstalledSite.php(151): Flarum\Foundation\Application->boot()
#7 /home/geff/Work/work_repos/the-exchange-flarum/app/vendor/flarum/core/src/Foundation/InstalledSite.php(82): Flarum\Foundation\InstalledSite->bootLaravel()
#8 /home/geff/Work/work_repos/the-exchange-flarum/app/vendor/flarum/core/src/Http/Server.php(59): Flarum\Foundation\InstalledSite->bootApp()
#9 /home/geff/Work/work_repos/the-exchange-flarum/app/vendor/flarum/core/src/Http/Server.php(36): Flarum\Http\Server->safelyBootAndGetHandler()
#10 /home/geff/Work/work_repos/the-exchange-flarum/app/public/index.php(26): Flarum\Http\Server->listen()
#11 {main}  
[2025-11-11 12:50:27] flarum.ERROR: ParseError: syntax error, unexpected token "\", expecting "{" in /home/geff/Work/work_repos/the-exchange-flarum/extensions/ai-forum-hello/extend.php:12
Stack trace:
#0 /home/geff/Work/work_repos/the-exchange-flarum/app/vendor/flarum/core/src/Extension/Extension.php(139): Flarum\Extension\Extension->getExtenders()
#1 /home/geff/Work/work_repos/the-exchange-flarum/app/vendor/flarum/core/src/Extension/ExtensionManager.php(390): Flarum\Extension\Extension->extend()
#2 /home/geff/Work/work_repos/the-exchange-flarum/app/vendor/flarum/core/src/Extension/ExtensionServiceProvider.php(31): Flarum\Extension\ExtensionManager->extend()
#3 [internal function]: Flarum\Extension\ExtensionServiceProvider->{closure:Flarum\Extension\ExtensionServiceProvider::register():30}()
#4 /home/geff/Work/work_repos/the-exchange-flarum/app/vendor/flarum/core/src/Foundation/Application.php(329): call_user_func()
#5 /home/geff/Work/work_repos/the-exchange-flarum/app/vendor/flarum/core/src/Foundation/Application.php(270): Flarum\Foundation\Application->fireAppCallbacks()
#6 /home/geff/Work/work_repos/the-exchange-flarum/app/vendor/flarum/core/src/Foundation/InstalledSite.php(151): Flarum\Foundation\Application->boot()
#7 /home/geff/Work/work_repos/the-exchange-flarum/app/vendor/flarum/core/src/Foundation/InstalledSite.php(82): Flarum\Foundation\InstalledSite->bootLaravel()
#8 /home/geff/Work/work_repos/the-exchange-flarum/app/vendor/flarum/core/src/Http/Server.php(59): Flarum\Foundation\InstalledSite->bootApp()
#9 /home/geff/Work/work_repos/the-exchange-flarum/app/vendor/flarum/core/src/Http/Server.php(36): Flarum\Http\Server->safelyBootAndGetHandler()
#10 /home/geff/Work/work_repos/the-exchange-flarum/app/public/index.php(26): Flarum\Http\Server->listen()
#11 {main}  
